Building DAG of jobs...
Using shell: /bin/bash
Provided cores: 1
Rules claiming more threads will be scaled down.
Job counts:
	count	jobs
	1	all
	3	remove_dupes
	1	samtools_filter
	1	samtools_index
	3	spp
	9

rule samtools_filter:
    input: results/bwa/HGSOC_SAMN01761041/SRR600559-H3K27me3.sam
    output: results/bwa/HGSOC_SAMN01761041/SRR600559-H3K27me3.sorted.bam
    jobid: 15
    wildcards: sample=SRR600559-H3K27me3

Finished job 15.
1 of 9 steps (11%) done

rule samtools_index:
    input: results/bwa/HGSOC_SAMN01761041/SRR600559-H3K27me3.sorted.bam
    output: results/bwa/HGSOC_SAMN01761041/SRR600559-H3K27me3.sorted.bam.bai
    jobid: 9
    wildcards: sample=SRR600559-H3K27me3

Finished job 9.
2 of 9 steps (22%) done

rule remove_dupes:
    input: results/bwa/HGSOC_SAMN01761041/SRR600956-H3K4me3.sorted.bam, results/bwa/HGSOC_SAMN01761041/SRR600956-H3K4me3.sorted.bam.bai
    output: results/bwa/HGSOC_SAMN01761041/SRR600956-H3K4me3.sorted.rmdup.bam, results/bwa/HGSOC_SAMN01761041/SRR600956-H3K4me3.sorted.rmdupmet.bam
    jobid: 14
    wildcards: sample=SRR600956-H3K4me3

Finished job 14.
3 of 9 steps (33%) done

rule remove_dupes:
    input: results/bwa/HGSOC_SAMN01761041/SRR600983-input.sorted.bam, results/bwa/HGSOC_SAMN01761041/SRR600983-input.sorted.bam.bai
    output: results/bwa/HGSOC_SAMN01761041/SRR600983-input.sorted.rmdup.bam, results/bwa/HGSOC_SAMN01761041/SRR600983-input.sorted.rmdupmet.bam
    jobid: 10
    wildcards: sample=SRR600983-input

Error in rule remove_dupes:
    jobid: 10
    output: results/bwa/HGSOC_SAMN01761041/SRR600983-input.sorted.rmdup.bam, results/bwa/HGSOC_SAMN01761041/SRR600983-input.sorted.rmdupmet.bam

RuleException:
CalledProcessError in line 129 of /share/ScratchGeneral/jamtor/projects/hgsoc_repeats/histone-ChIP-seq/Snakefile:
Command ' set -euo pipefail;  java -jar /home/jamtor/local/lib/picard/build/libs/picard.jar 		MarkDuplicates I=results/bwa/HGSOC_SAMN01761041/SRR600983-input.sorted.bam O=results/bwa/HGSOC_SAMN01761041/SRR600983-input.sorted.rmdup.bam M=results/bwa/HGSOC_SAMN01761041/SRR600983-input.sorted.rmdupmet.bam 		REMOVE_DUPLICATES=true VALIDATION_STRINGENCY=LENIENT ' returned non-zero exit status 1.
  File "/share/ScratchGeneral/jamtor/projects/hgsoc_repeats/histone-ChIP-seq/Snakefile", line 129, in __rule_remove_dupes
  File "/home/jamtor/local/bin/miniconda2/envs/snakemake/lib/python3.6/concurrent/futures/thread.py", line 56, in run
Will exit after finishing currently running jobs.
Shutting down, this might take some time.
Exiting because a job execution failed. Look above for error message
Complete log: /share/ScratchGeneral/jamtor/projects/hgsoc_repeats/histone-ChIP-seq/.snakemake/log/2018-04-17T171254.945844.snakemake.log
