Building DAG of jobs...
Using shell: /bin/bash
Provided cores: 3
Rules claiming more threads will be scaled down.
Job counts:
	count	jobs
	1	all
	3	bwa_align
	3	bwa_samse
	3	fastqc
	3	remove_dupes
	3	samtools_filter
	3	samtools_index
	3	spp
	22

rule fastqc:
    input: raw_files/fastq/HGSOC_SAMN01761041/SRR600559-H3K27me3_pass.fastq.gz
    output: results/fastqc/HGSOC_SAMN01761041/SRR600559-H3K27me3_pass_fastqc.html, results/fastqc/HGSOC_SAMN01761041/SRR600559-H3K27me3_pass_fastqc.zip
    jobid: 5
    wildcards: sample=SRR600559-H3K27me3


rule fastqc:
    input: raw_files/fastq/HGSOC_SAMN01761041/SRR600983-input_pass.fastq.gz
    output: results/fastqc/HGSOC_SAMN01761041/SRR600983-input_pass_fastqc.html, results/fastqc/HGSOC_SAMN01761041/SRR600983-input_pass_fastqc.zip
    jobid: 4
    wildcards: sample=SRR600983-input


rule fastqc:
    input: raw_files/fastq/HGSOC_SAMN01761041/SRR600956-H3K4me3_pass.fastq.gz
    output: results/fastqc/HGSOC_SAMN01761041/SRR600956-H3K4me3_pass_fastqc.html, results/fastqc/HGSOC_SAMN01761041/SRR600956-H3K4me3_pass_fastqc.zip
    jobid: 6
    wildcards: sample=SRR600956-H3K4me3

Finished job 4.
1 of 22 steps (5%) done

rule bwa_align:
    input: raw_files/fastq/HGSOC_SAMN01761041/SRR600983-input_pass.fastq.gz, results/fastqc/HGSOC_SAMN01761041/SRR600983-input_pass_fastqc.html
    output: results/bwa/HGSOC_SAMN01761041/SRR600983-input.sai
    jobid: 21
    wildcards: sample=SRR600983-input

Finished job 5.
2 of 22 steps (9%) done

rule bwa_align:
    input: raw_files/fastq/HGSOC_SAMN01761041/SRR600559-H3K27me3_pass.fastq.gz, results/fastqc/HGSOC_SAMN01761041/SRR600559-H3K27me3_pass_fastqc.html
    output: results/bwa/HGSOC_SAMN01761041/SRR600559-H3K27me3.sai
    jobid: 19
    wildcards: sample=SRR600559-H3K27me3

Finished job 6.
3 of 22 steps (14%) done

rule bwa_align:
    input: raw_files/fastq/HGSOC_SAMN01761041/SRR600956-H3K4me3_pass.fastq.gz, results/fastqc/HGSOC_SAMN01761041/SRR600956-H3K4me3_pass_fastqc.html
    output: results/bwa/HGSOC_SAMN01761041/SRR600956-H3K4me3.sai
    jobid: 20
    wildcards: sample=SRR600956-H3K4me3

Finished job 20.
4 of 22 steps (18%) done

rule bwa_samse:
    input: results/bwa/HGSOC_SAMN01761041/SRR600956-H3K4me3.sai, raw_files/fastq/HGSOC_SAMN01761041/SRR600956-H3K4me3_pass.fastq.gz
    output: results/bwa/HGSOC_SAMN01761041/SRR600956-H3K4me3.sam
    jobid: 17
    wildcards: sample=SRR600956-H3K4me3

Finished job 21.
5 of 22 steps (23%) done

rule bwa_samse:
    input: results/bwa/HGSOC_SAMN01761041/SRR600983-input.sai, raw_files/fastq/HGSOC_SAMN01761041/SRR600983-input_pass.fastq.gz
    output: results/bwa/HGSOC_SAMN01761041/SRR600983-input.sam
    jobid: 18
    wildcards: sample=SRR600983-input

Finished job 19.
6 of 22 steps (27%) done

rule bwa_samse:
    input: results/bwa/HGSOC_SAMN01761041/SRR600559-H3K27me3.sai, raw_files/fastq/HGSOC_SAMN01761041/SRR600559-H3K27me3_pass.fastq.gz
    output: results/bwa/HGSOC_SAMN01761041/SRR600559-H3K27me3.sam
    jobid: 16
    wildcards: sample=SRR600559-H3K27me3

Finished job 17.
7 of 22 steps (32%) done

rule samtools_filter:
    input: results/bwa/HGSOC_SAMN01761041/SRR600956-H3K4me3.sam
    output: results/bwa/HGSOC_SAMN01761041/SRR600956-H3K4me3.sorted.bam
    jobid: 13
    wildcards: sample=SRR600956-H3K4me3

Finished job 18.
8 of 22 steps (36%) done

rule samtools_filter:
    input: results/bwa/HGSOC_SAMN01761041/SRR600983-input.sam
    output: results/bwa/HGSOC_SAMN01761041/SRR600983-input.sorted.bam
    jobid: 14
    wildcards: sample=SRR600983-input

Finished job 13.
9 of 22 steps (41%) done

rule samtools_index:
    input: results/bwa/HGSOC_SAMN01761041/SRR600956-H3K4me3.sorted.bam
    output: results/bwa/HGSOC_SAMN01761041/SRR600956-H3K4me3.sorted.bam.bai
    jobid: 7
    wildcards: sample=SRR600956-H3K4me3

Finished job 7.
10 of 22 steps (45%) done

rule remove_dupes:
    input: results/bwa/HGSOC_SAMN01761041/SRR600956-H3K4me3.sorted.bam, results/bwa/HGSOC_SAMN01761041/SRR600956-H3K4me3.sorted.bam.bai
    output: results/bwa/HGSOC_SAMN01761041/SRR600956-H3K4me3.sorted.rmdup.bam, results/bwa/HGSOC_SAMN01761041/SRR600956-H3K4me3.sorted.rmdupmet.bam
    jobid: 10
    wildcards: sample=SRR600956-H3K4me3

Finished job 16.
11 of 22 steps (50%) done

rule samtools_filter:
    input: results/bwa/HGSOC_SAMN01761041/SRR600559-H3K27me3.sam
    output: results/bwa/HGSOC_SAMN01761041/SRR600559-H3K27me3.sorted.bam
    jobid: 12
    wildcards: sample=SRR600559-H3K27me3

Finished job 14.
12 of 22 steps (55%) done

rule samtools_index:
    input: results/bwa/HGSOC_SAMN01761041/SRR600983-input.sorted.bam
    output: results/bwa/HGSOC_SAMN01761041/SRR600983-input.sorted.bam.bai
    jobid: 8
    wildcards: sample=SRR600983-input

Finished job 8.
13 of 22 steps (59%) done

rule remove_dupes:
    input: results/bwa/HGSOC_SAMN01761041/SRR600983-input.sorted.bam, results/bwa/HGSOC_SAMN01761041/SRR600983-input.sorted.bam.bai
    output: results/bwa/HGSOC_SAMN01761041/SRR600983-input.sorted.rmdup.bam, results/bwa/HGSOC_SAMN01761041/SRR600983-input.sorted.rmdupmet.bam
    jobid: 11
    wildcards: sample=SRR600983-input

