Building DAG of jobs...
Using shell: /bin/bash
Provided cores: 1
Rules claiming more threads will be scaled down.
Job counts:
	count	jobs
	1	all
	10	bwa_align
	10	bwa_samse
	19	fastq_dump
	10	fastqc
	10	remove_dupes
	10	samtools_filter
	10	samtools_index
	10	spp
	90

rule fastq_dump:
    input: raw_files/sra/H3K27ac_cell_lines/SRR5823948-OVCAR-H3K27ac.sra, raw_files/sra/H3K27ac_cell_lines/SRR5823949-SKOV-H3K27ac.sra, raw_files/sra/H3K27ac_cell_lines/SRR1983924-H3K27ac_1.sra, raw_files/sra/H3K27ac_cell_lines/SRR1983925-H3K27ac_2.sra, raw_files/sra/H3K27ac_cell_lines/SRR1983932-H3K27ac_1.sra, raw_files/sra/H3K27ac_cell_lines/SRR1983933-H3K27ac_2.sra, raw_files/sra/H3K27ac_cell_lines/SRR1983928-input_2.sra, raw_files/sra/H3K27ac_cell_lines/SRR1983929-input_1.sra, raw_files/sra/H3K27ac_cell_lines/SRR1983936-input_2.sra, raw_files/sra/H3K27ac_cell_lines/SRR1983937-input_1.sra
    output: raw_files/fastq/H3K27ac_cell_lines/SRR1983924-H3K27ac_1_pass.fastq.gz
    jobid: 34
    wildcards: sample=SRR1983924-H3K27ac_1

Terminating processes on user request.
Error in rule fastq_dump:
    jobid: 34
    output: raw_files/fastq/H3K27ac_cell_lines/SRR1983924-H3K27ac_1_pass.fastq.gz

RuleException:
CalledProcessError in line 35 of /share/ScratchGeneral/jamtor/projects/hgsoc_repeats/histone-ChIP-seq/Snakefile:
Command ' set -euo pipefail;  fastq-dump --outdir raw_files/fastq/H3K27ac_cell_lines/ --gzip --skip-technical  --readids --read-filter pass --dumpbase --split-3 --clip raw_files/sra/H3K27ac_cell_lines/SRR5823948-OVCAR-H3K27ac.sra raw_files/sra/H3K27ac_cell_lines/SRR5823949-SKOV-H3K27ac.sra raw_files/sra/H3K27ac_cell_lines/SRR1983924-H3K27ac_1.sra raw_files/sra/H3K27ac_cell_lines/SRR1983925-H3K27ac_2.sra raw_files/sra/H3K27ac_cell_lines/SRR1983932-H3K27ac_1.sra raw_files/sra/H3K27ac_cell_lines/SRR1983933-H3K27ac_2.sra raw_files/sra/H3K27ac_cell_lines/SRR1983928-input_2.sra raw_files/sra/H3K27ac_cell_lines/SRR1983929-input_1.sra raw_files/sra/H3K27ac_cell_lines/SRR1983936-input_2.sra raw_files/sra/H3K27ac_cell_lines/SRR1983937-input_1.sra ' died with <Signals.SIGINT: 2>.
  File "/share/ScratchGeneral/jamtor/projects/hgsoc_repeats/histone-ChIP-seq/Snakefile", line 35, in __rule_fastq_dump
  File "/home/jamtor/local/bin/miniconda2/envs/snakemake/lib/python3.6/concurrent/futures/thread.py", line 56, in run
Cancelling snakemake on user request.
