Building DAG of jobs...
Using shell: /bin/bash
Provided cores: 6
Rules claiming more threads will be scaled down.
Job counts:
	count	jobs
	1	all
	3	bwa_align
	3	bwa_samse
	3	fastq_dump
	3	fastqc
	3	remove_dupes
	3	samtools_filter
	3	samtools_index
	3	spp
	25

rule fastq_dump:
    input: raw_files/sra/HGSOC_SAMN01761041/SRR600956-H3K4me3.sra
    output: raw_files/fastq/HGSOC_SAMN01761041/SRR600956-H3K4me3_pass.fastq.gz
    jobid: 15
    wildcards: sample=SRR600956-H3K4me3


rule fastq_dump:
    input: raw_files/sra/HGSOC_SAMN01761041/SRR600559-H3K27me3.sra
    output: raw_files/fastq/HGSOC_SAMN01761041/SRR600559-H3K27me3_pass.fastq.gz
    jobid: 17
    wildcards: sample=SRR600559-H3K27me3


rule fastq_dump:
    input: raw_files/sra/HGSOC_SAMN01761041/SRR600983-input.sra
    output: raw_files/fastq/HGSOC_SAMN01761041/SRR600983-input_pass.fastq.gz
    jobid: 10
    wildcards: sample=SRR600983-input

Waiting at most 5 seconds for missing files.
MissingOutputException in line 52 of /share/ScratchGeneral/jamtor/projects/hgsoc_repeats/histone-ChIP-seq/Snakefile:
Missing files after 5 seconds:
raw_files/fastq/HGSOC_SAMN01761041/SRR600983-input_pass.fastq.gz
This might be due to filesystem latency. If that is the case, consider to increase the wait time with --latency-wait.
Will exit after finishing currently running jobs.
Waiting at most 5 seconds for missing files.
MissingOutputException in line 52 of /share/ScratchGeneral/jamtor/projects/hgsoc_repeats/histone-ChIP-seq/Snakefile:
Missing files after 5 seconds:
raw_files/fastq/HGSOC_SAMN01761041/SRR600956-H3K4me3_pass.fastq.gz
This might be due to filesystem latency. If that is the case, consider to increase the wait time with --latency-wait.
Will exit after finishing currently running jobs.
Waiting at most 5 seconds for missing files.
MissingOutputException in line 52 of /share/ScratchGeneral/jamtor/projects/hgsoc_repeats/histone-ChIP-seq/Snakefile:
Missing files after 5 seconds:
raw_files/fastq/HGSOC_SAMN01761041/SRR600559-H3K27me3_pass.fastq.gz
This might be due to filesystem latency. If that is the case, consider to increase the wait time with --latency-wait.
Will exit after finishing currently running jobs.
Shutting down, this might take some time.
Exiting because a job execution failed. Look above for error message
Complete log: /share/ScratchGeneral/jamtor/projects/hgsoc_repeats/histone-ChIP-seq/.snakemake/log/2018-04-06T161755.071132.snakemake.log
