Building DAG of jobs...
Using shell: /bin/bash
Provided cores: 1
Rules claiming more threads will be scaled down.
Job counts:
	count	jobs
	1	fastq_dump
	1

rule fastq_dump:
    input: raw_files/sra/SRR600983.sra
    output: raw_files/fastq/SRR600983.fastq
    jobid: 0
    wildcards: sample=SRR600983

fastq-dump --outdir /share/ScratchGeneral/jamtor/projects/hgsoc_repeats/histone-ChIP-seq//raw_files//sra/fastq/ --gzip --skip-technical  --readids --read-filter pass --dumpbase --split-3 --clip raw_files/fastq/SRR600983.fastq
Error in rule fastq_dump:
    jobid: 0
    output: raw_files/fastq/SRR600983.fastq

RuleException:
CalledProcessError in line 13 of /share/ScratchGeneral/jamtor/projects/hgsoc_repeats/histone-ChIP-seq/Snakefile:
Command ' set -euo pipefail;  fastq-dump --outdir /share/ScratchGeneral/jamtor/projects/hgsoc_repeats/histone-ChIP-seq//raw_files//sra/fastq/ --gzip --skip-technical  --readids --read-filter pass --dumpbase --split-3 --clip raw_files/fastq/SRR600983.fastq ' returned non-zero exit status 3.
  File "/share/ScratchGeneral/jamtor/projects/hgsoc_repeats/histone-ChIP-seq/Snakefile", line 13, in __rule_fastq_dump
  File "/home/jamtor/local/bin/miniconda2/envs/snakemake/lib/python3.6/concurrent/futures/thread.py", line 56, in run
Will exit after finishing currently running jobs.
Shutting down, this might take some time.
Exiting because a job execution failed. Look above for error message
Complete log: /share/ScratchGeneral/jamtor/projects/hgsoc_repeats/histone-ChIP-seq/.snakemake/log/2018-04-03T113547.635612.snakemake.log
