Building DAG of jobs...
Using shell: /bin/bash
Provided cores: 1
Rules claiming more threads will be scaled down.
Job counts:
	count	jobs
	1	fastq_dump
	1

rule fastq_dump:
    input: raw_files/sra/SRR600983.sra
    output: raw_files/fastq/SRR600983.fastq
    jobid: 0
    wildcards: sample=SRR600983

fastq-dump --gzip --skip-technical  --readids --read-filter pass --dumpbase --split-3 --clip raw_files/sra/SRR600983.sra
Waiting at most 5 seconds for missing files.
MissingOutputException in line 5 of /share/ScratchGeneral/jamtor/projects/hgsoc_repeats/histone-ChIP-seq/Snakefile:
Missing files after 5 seconds:
raw_files/fastq/SRR600983.fastq
This might be due to filesystem latency. If that is the case, consider to increase the wait time with --latency-wait.
Will exit after finishing currently running jobs.
Shutting down, this might take some time.
Exiting because a job execution failed. Look above for error message
Complete log: /share/ScratchGeneral/jamtor/projects/hgsoc_repeats/histone-ChIP-seq/.snakemake/log/2018-04-03T114108.097245.snakemake.log
