Building DAG of jobs...
Using shell: /bin/bash
Provided cores: 3
Rules claiming more threads will be scaled down.
Job counts:
	count	jobs
	1	all
	10	bwa_align
	10	bwa_samse
	10	fastqc
	10	remove_dupes
	10	samtools_filter
	10	samtools_index
	10	spp
	71

rule fastqc:
    input: raw_files/fastq/FT_SAMN03496012/SRR1983936-input_2_pass.fastq.gz
    output: results/fastqc/FT_SAMN03496012/SRR1983936-input_2_pass_fastqc.html, results/fastqc/FT_SAMN03496012/SRR1983936-input_2_pass_fastqc.zip
    jobid: 14
    wildcards: sample=SRR1983936-input_2


rule fastqc:
    input: raw_files/fastq/FT_SAMN03496012/SRR1983929-input_1_pass.fastq.gz
    output: results/fastqc/FT_SAMN03496012/SRR1983929-input_1_pass_fastqc.html, results/fastqc/FT_SAMN03496012/SRR1983929-input_1_pass_fastqc.zip
    jobid: 13
    wildcards: sample=SRR1983929-input_1


rule fastqc:
    input: raw_files/fastq/FT_SAMN03496012/SRR1983928-input_2_pass.fastq.gz
    output: results/fastqc/FT_SAMN03496012/SRR1983928-input_2_pass_fastqc.html, results/fastqc/FT_SAMN03496012/SRR1983928-input_2_pass_fastqc.zip
    jobid: 30
    wildcards: sample=SRR1983928-input_2

Finished job 30.
1 of 71 steps (1%) done

rule fastqc:
    input: raw_files/fastq/FT_SAMN03496012/SRR1983937-input_1_pass.fastq.gz
    output: results/fastqc/FT_SAMN03496012/SRR1983937-input_1_pass_fastqc.html, results/fastqc/FT_SAMN03496012/SRR1983937-input_1_pass_fastqc.zip
    jobid: 26
    wildcards: sample=SRR1983937-input_1

Finished job 14.
2 of 71 steps (3%) done

rule fastqc:
    input: raw_files/fastq/FT_SAMN03496012/SRR1983935-H3K4me1_2_pass.fastq.gz
    output: results/fastqc/FT_SAMN03496012/SRR1983935-H3K4me1_2_pass_fastqc.html, results/fastqc/FT_SAMN03496012/SRR1983935-H3K4me1_2_pass_fastqc.zip
    jobid: 3
    wildcards: sample=SRR1983935-H3K4me1_2

Finished job 13.
3 of 71 steps (4%) done

rule fastqc:
    input: raw_files/fastq/FT_SAMN03496012/SRR1983934-H3K4me1_1_pass.fastq.gz
    output: results/fastqc/FT_SAMN03496012/SRR1983934-H3K4me1_1_pass_fastqc.html, results/fastqc/FT_SAMN03496012/SRR1983934-H3K4me1_1_pass_fastqc.zip
    jobid: 24
    wildcards: sample=SRR1983934-H3K4me1_1

Finished job 3.
4 of 71 steps (6%) done

rule fastqc:
    input: raw_files/fastq/FT_SAMN03496012/SRR1983927-H3K4me1_2_pass.fastq.gz
    output: results/fastqc/FT_SAMN03496012/SRR1983927-H3K4me1_2_pass_fastqc.html, results/fastqc/FT_SAMN03496012/SRR1983927-H3K4me1_2_pass_fastqc.zip
    jobid: 22
    wildcards: sample=SRR1983927-H3K4me1_2

Finished job 24.
5 of 71 steps (7%) done

rule fastqc:
    input: raw_files/fastq/FT_SAMN03496012/SRR1983926-H3K4me1_1_pass.fastq.gz
    output: results/fastqc/FT_SAMN03496012/SRR1983926-H3K4me1_1_pass_fastqc.html, results/fastqc/FT_SAMN03496012/SRR1983926-H3K4me1_1_pass_fastqc.zip
    jobid: 29
    wildcards: sample=SRR1983926-H3K4me1_1

Finished job 26.
6 of 71 steps (8%) done

rule fastqc:
    input: raw_files/fastq/FT_SAMN03496012/SRR1983932-H3K27ac_1_pass.fastq.gz
    output: results/fastqc/FT_SAMN03496012/SRR1983932-H3K27ac_1_pass_fastqc.html, results/fastqc/FT_SAMN03496012/SRR1983932-H3K27ac_1_pass_fastqc.zip
    jobid: 11
    wildcards: sample=SRR1983932-H3K27ac_1

Finished job 29.
7 of 71 steps (10%) done

rule fastqc:
    input: raw_files/fastq/FT_SAMN03496012/SRR1983933-H3K27ac_2_pass.fastq.gz
    output: results/fastqc/FT_SAMN03496012/SRR1983933-H3K27ac_2_pass_fastqc.html, results/fastqc/FT_SAMN03496012/SRR1983933-H3K27ac_2_pass_fastqc.zip
    jobid: 12
    wildcards: sample=SRR1983933-H3K27ac_2

Finished job 22.
8 of 71 steps (11%) done
Finished job 11.
9 of 71 steps (13%) done
Finished job 12.
10 of 71 steps (14%) done

rule bwa_align:
    input: raw_files/fastq/FT_SAMN03496012/SRR1983936-input_2_pass.fastq.gz, results/fastqc/FT_SAMN03496012/SRR1983936-input_2_pass_fastqc.html
    output: results/bwa/FT_SAMN03496012/SRR1983936-input_2.sai
    jobid: 61
    wildcards: sample=SRR1983936-input_2
    threads: 3

Finished job 61.
11 of 71 steps (15%) done

rule bwa_align:
    input: raw_files/fastq/FT_SAMN03496012/SRR1983929-input_1_pass.fastq.gz, results/fastqc/FT_SAMN03496012/SRR1983929-input_1_pass_fastqc.html
    output: results/bwa/FT_SAMN03496012/SRR1983929-input_1.sai
    jobid: 70
    wildcards: sample=SRR1983929-input_1
    threads: 3

Finished job 70.
12 of 71 steps (17%) done

rule bwa_align:
    input: raw_files/fastq/FT_SAMN03496012/SRR1983928-input_2_pass.fastq.gz, results/fastqc/FT_SAMN03496012/SRR1983928-input_2_pass_fastqc.html
    output: results/bwa/FT_SAMN03496012/SRR1983928-input_2.sai
    jobid: 67
    wildcards: sample=SRR1983928-input_2
    threads: 3

Finished job 67.
13 of 71 steps (18%) done

rule bwa_align:
    input: raw_files/fastq/FT_SAMN03496012/SRR1983937-input_1_pass.fastq.gz, results/fastqc/FT_SAMN03496012/SRR1983937-input_1_pass_fastqc.html
    output: results/bwa/FT_SAMN03496012/SRR1983937-input_1.sai
    jobid: 62
    wildcards: sample=SRR1983937-input_1
    threads: 3

Finished job 62.
14 of 71 steps (20%) done

rule bwa_align:
    input: raw_files/fastq/FT_SAMN03496012/SRR1983935-H3K4me1_2_pass.fastq.gz, results/fastqc/FT_SAMN03496012/SRR1983935-H3K4me1_2_pass_fastqc.html
    output: results/bwa/FT_SAMN03496012/SRR1983935-H3K4me1_2.sai
    jobid: 65
    wildcards: sample=SRR1983935-H3K4me1_2
    threads: 3

Finished job 65.
15 of 71 steps (21%) done

rule bwa_align:
    input: raw_files/fastq/FT_SAMN03496012/SRR1983934-H3K4me1_1_pass.fastq.gz, results/fastqc/FT_SAMN03496012/SRR1983934-H3K4me1_1_pass_fastqc.html
    output: results/bwa/FT_SAMN03496012/SRR1983934-H3K4me1_1.sai
    jobid: 66
    wildcards: sample=SRR1983934-H3K4me1_1
    threads: 3

Finished job 66.
16 of 71 steps (23%) done

rule bwa_align:
    input: raw_files/fastq/FT_SAMN03496012/SRR1983927-H3K4me1_2_pass.fastq.gz, results/fastqc/FT_SAMN03496012/SRR1983927-H3K4me1_2_pass_fastqc.html
    output: results/bwa/FT_SAMN03496012/SRR1983927-H3K4me1_2.sai
    jobid: 68
    wildcards: sample=SRR1983927-H3K4me1_2
    threads: 3

Finished job 68.
17 of 71 steps (24%) done

rule bwa_align:
    input: raw_files/fastq/FT_SAMN03496012/SRR1983926-H3K4me1_1_pass.fastq.gz, results/fastqc/FT_SAMN03496012/SRR1983926-H3K4me1_1_pass_fastqc.html
    output: results/bwa/FT_SAMN03496012/SRR1983926-H3K4me1_1.sai
    jobid: 64
    wildcards: sample=SRR1983926-H3K4me1_1
    threads: 3

Finished job 64.
18 of 71 steps (25%) done

rule bwa_align:
    input: raw_files/fastq/FT_SAMN03496012/SRR1983932-H3K27ac_1_pass.fastq.gz, results/fastqc/FT_SAMN03496012/SRR1983932-H3K27ac_1_pass_fastqc.html
    output: results/bwa/FT_SAMN03496012/SRR1983932-H3K27ac_1.sai
    jobid: 63
    wildcards: sample=SRR1983932-H3K27ac_1
    threads: 3

Finished job 63.
19 of 71 steps (27%) done

rule bwa_align:
    input: raw_files/fastq/FT_SAMN03496012/SRR1983933-H3K27ac_2_pass.fastq.gz, results/fastqc/FT_SAMN03496012/SRR1983933-H3K27ac_2_pass_fastqc.html
    output: results/bwa/FT_SAMN03496012/SRR1983933-H3K27ac_2.sai
    jobid: 69
    wildcards: sample=SRR1983933-H3K27ac_2
    threads: 3

Finished job 69.
20 of 71 steps (28%) done

rule bwa_samse:
    input: results/bwa/FT_SAMN03496012/SRR1983928-input_2.sai, raw_files/fastq/FT_SAMN03496012/SRR1983928-input_2_pass.fastq.gz
    output: results/bwa/FT_SAMN03496012/SRR1983928-input_2.sam
    jobid: 57
    wildcards: sample=SRR1983928-input_2

rule bwa_samse:
    input: results/bwa/FT_SAMN03496012/SRR1983929-input_1.sai, raw_files/fastq/FT_SAMN03496012/SRR1983929-input_1_pass.fastq.gz
    output: results/bwa/FT_SAMN03496012/SRR1983929-input_1.sam
    jobid: 60
    wildcards: sample=SRR1983929-input_1

rule bwa_samse:
    input: results/bwa/FT_SAMN03496012/SRR1983936-input_2.sai, raw_files/fastq/FT_SAMN03496012/SRR1983936-input_2_pass.fastq.gz
    output: results/bwa/FT_SAMN03496012/SRR1983936-input_2.sam
    jobid: 51
    wildcards: sample=SRR1983936-input_2

Finished job 57.
21 of 71 steps (30%) done

rule bwa_samse:
    input: results/bwa/FT_SAMN03496012/SRR1983937-input_1.sai, raw_files/fastq/FT_SAMN03496012/SRR1983937-input_1_pass.fastq.gz
    output: results/bwa/FT_SAMN03496012/SRR1983937-input_1.sam
    jobid: 52
    wildcards: sample=SRR1983937-input_1

Finished job 51.
22 of 71 steps (31%) done

rule bwa_samse:
    input: results/bwa/FT_SAMN03496012/SRR1983935-H3K4me1_2.sai, raw_files/fastq/FT_SAMN03496012/SRR1983935-H3K4me1_2_pass.fastq.gz
    output: results/bwa/FT_SAMN03496012/SRR1983935-H3K4me1_2.sam
    jobid: 55
    wildcards: sample=SRR1983935-H3K4me1_2

Finished job 60.
23 of 71 steps (32%) done

rule bwa_samse:
    input: results/bwa/FT_SAMN03496012/SRR1983934-H3K4me1_1.sai, raw_files/fastq/FT_SAMN03496012/SRR1983934-H3K4me1_1_pass.fastq.gz
    output: results/bwa/FT_SAMN03496012/SRR1983934-H3K4me1_1.sam
    jobid: 56
    wildcards: sample=SRR1983934-H3K4me1_1

Finished job 56.
24 of 71 steps (34%) done

rule bwa_samse:
    input: results/bwa/FT_SAMN03496012/SRR1983927-H3K4me1_2.sai, raw_files/fastq/FT_SAMN03496012/SRR1983927-H3K4me1_2_pass.fastq.gz
    output: results/bwa/FT_SAMN03496012/SRR1983927-H3K4me1_2.sam
    jobid: 58
    wildcards: sample=SRR1983927-H3K4me1_2

Finished job 55.
25 of 71 steps (35%) done

rule bwa_samse:
    input: results/bwa/FT_SAMN03496012/SRR1983926-H3K4me1_1.sai, raw_files/fastq/FT_SAMN03496012/SRR1983926-H3K4me1_1_pass.fastq.gz
    output: results/bwa/FT_SAMN03496012/SRR1983926-H3K4me1_1.sam
    jobid: 54
    wildcards: sample=SRR1983926-H3K4me1_1

Finished job 52.
26 of 71 steps (37%) done

rule bwa_samse:
    input: results/bwa/FT_SAMN03496012/SRR1983932-H3K27ac_1.sai, raw_files/fastq/FT_SAMN03496012/SRR1983932-H3K27ac_1_pass.fastq.gz
    output: results/bwa/FT_SAMN03496012/SRR1983932-H3K27ac_1.sam
    jobid: 53
    wildcards: sample=SRR1983932-H3K27ac_1

Finished job 54.
27 of 71 steps (38%) done

rule bwa_samse:
    input: results/bwa/FT_SAMN03496012/SRR1983933-H3K27ac_2.sai, raw_files/fastq/FT_SAMN03496012/SRR1983933-H3K27ac_2_pass.fastq.gz
    output: results/bwa/FT_SAMN03496012/SRR1983933-H3K27ac_2.sam
    jobid: 59
    wildcards: sample=SRR1983933-H3K27ac_2

Finished job 58.
28 of 71 steps (39%) done

rule samtools_filter:
    input: results/bwa/FT_SAMN03496012/SRR1983929-input_1.sam
    output: results/bwa/FT_SAMN03496012/SRR1983929-input_1.sorted.bam
    jobid: 46
    wildcards: sample=SRR1983929-input_1

Finished job 53.
29 of 71 steps (41%) done

rule samtools_filter:
    input: results/bwa/FT_SAMN03496012/SRR1983936-input_2.sam
    output: results/bwa/FT_SAMN03496012/SRR1983936-input_2.sorted.bam
    jobid: 31
    wildcards: sample=SRR1983936-input_2

Finished job 59.
30 of 71 steps (42%) done

rule samtools_filter:
    input: results/bwa/FT_SAMN03496012/SRR1983928-input_2.sam
    output: results/bwa/FT_SAMN03496012/SRR1983928-input_2.sorted.bam
    jobid: 43
    wildcards: sample=SRR1983928-input_2

Finished job 46.
31 of 71 steps (44%) done

rule samtools_filter:
    input: results/bwa/FT_SAMN03496012/SRR1983937-input_1.sam
    output: results/bwa/FT_SAMN03496012/SRR1983937-input_1.sorted.bam
    jobid: 34
    wildcards: sample=SRR1983937-input_1

Finished job 31.
32 of 71 steps (45%) done

rule samtools_filter:
    input: results/bwa/FT_SAMN03496012/SRR1983935-H3K4me1_2.sam
    output: results/bwa/FT_SAMN03496012/SRR1983935-H3K4me1_2.sorted.bam
    jobid: 40
    wildcards: sample=SRR1983935-H3K4me1_2

Finished job 43.
33 of 71 steps (46%) done

rule samtools_filter:
    input: results/bwa/FT_SAMN03496012/SRR1983934-H3K4me1_1.sam
    output: results/bwa/FT_SAMN03496012/SRR1983934-H3K4me1_1.sorted.bam
    jobid: 42
    wildcards: sample=SRR1983934-H3K4me1_1

Finished job 34.
34 of 71 steps (48%) done

rule samtools_filter:
    input: results/bwa/FT_SAMN03496012/SRR1983927-H3K4me1_2.sam
    output: results/bwa/FT_SAMN03496012/SRR1983927-H3K4me1_2.sorted.bam
    jobid: 44
    wildcards: sample=SRR1983927-H3K4me1_2

Finished job 40.
35 of 71 steps (49%) done

rule samtools_filter:
    input: results/bwa/FT_SAMN03496012/SRR1983926-H3K4me1_1.sam
    output: results/bwa/FT_SAMN03496012/SRR1983926-H3K4me1_1.sorted.bam
    jobid: 38
    wildcards: sample=SRR1983926-H3K4me1_1

Finished job 42.
36 of 71 steps (51%) done

rule samtools_filter:
    input: results/bwa/FT_SAMN03496012/SRR1983932-H3K27ac_1.sam
    output: results/bwa/FT_SAMN03496012/SRR1983932-H3K27ac_1.sorted.bam
    jobid: 36
    wildcards: sample=SRR1983932-H3K27ac_1

Finished job 36.
37 of 71 steps (52%) done

rule samtools_filter:
    input: results/bwa/FT_SAMN03496012/SRR1983933-H3K27ac_2.sam
    output: results/bwa/FT_SAMN03496012/SRR1983933-H3K27ac_2.sorted.bam
    jobid: 45
    wildcards: sample=SRR1983933-H3K27ac_2

Finished job 38.
38 of 71 steps (54%) done

rule samtools_index:
    input: results/bwa/FT_SAMN03496012/SRR1983936-input_2.sorted.bam
    output: results/bwa/FT_SAMN03496012/SRR1983936-input_2.sorted.bam.bai
    jobid: 1
    wildcards: sample=SRR1983936-input_2

Finished job 44.
39 of 71 steps (55%) done

rule samtools_index:
    input: results/bwa/FT_SAMN03496012/SRR1983929-input_1.sorted.bam
    output: results/bwa/FT_SAMN03496012/SRR1983929-input_1.sorted.bam.bai
    jobid: 21
    wildcards: sample=SRR1983929-input_1

Finished job 45.
40 of 71 steps (56%) done

rule samtools_index:
    input: results/bwa/FT_SAMN03496012/SRR1983937-input_1.sorted.bam
    output: results/bwa/FT_SAMN03496012/SRR1983937-input_1.sorted.bam.bai
    jobid: 5
    wildcards: sample=SRR1983937-input_1

Finished job 1.
41 of 71 steps (58%) done

rule samtools_index:
    input: results/bwa/FT_SAMN03496012/SRR1983928-input_2.sorted.bam
    output: results/bwa/FT_SAMN03496012/SRR1983928-input_2.sorted.bam.bai
    jobid: 18
    wildcards: sample=SRR1983928-input_2

Finished job 21.
42 of 71 steps (59%) done

rule samtools_index:
    input: results/bwa/FT_SAMN03496012/SRR1983935-H3K4me1_2.sorted.bam
    output: results/bwa/FT_SAMN03496012/SRR1983935-H3K4me1_2.sorted.bam.bai
    jobid: 15
    wildcards: sample=SRR1983935-H3K4me1_2

Finished job 5.
43 of 71 steps (61%) done

rule samtools_index:
    input: results/bwa/FT_SAMN03496012/SRR1983934-H3K4me1_1.sorted.bam
    output: results/bwa/FT_SAMN03496012/SRR1983934-H3K4me1_1.sorted.bam.bai
    jobid: 17
    wildcards: sample=SRR1983934-H3K4me1_1

Finished job 18.
44 of 71 steps (62%) done

rule samtools_index:
    input: results/bwa/FT_SAMN03496012/SRR1983927-H3K4me1_2.sorted.bam
    output: results/bwa/FT_SAMN03496012/SRR1983927-H3K4me1_2.sorted.bam.bai
    jobid: 19
    wildcards: sample=SRR1983927-H3K4me1_2

Finished job 15.
45 of 71 steps (63%) done

rule samtools_index:
    input: results/bwa/FT_SAMN03496012/SRR1983926-H3K4me1_1.sorted.bam
    output: results/bwa/FT_SAMN03496012/SRR1983926-H3K4me1_1.sorted.bam.bai
    jobid: 9
    wildcards: sample=SRR1983926-H3K4me1_1

Finished job 19.
46 of 71 steps (65%) done

rule samtools_index:
    input: results/bwa/FT_SAMN03496012/SRR1983932-H3K27ac_1.sorted.bam
    output: results/bwa/FT_SAMN03496012/SRR1983932-H3K27ac_1.sorted.bam.bai
    jobid: 7
    wildcards: sample=SRR1983932-H3K27ac_1

Finished job 17.
47 of 71 steps (66%) done

rule samtools_index:
    input: results/bwa/FT_SAMN03496012/SRR1983933-H3K27ac_2.sorted.bam
    output: results/bwa/FT_SAMN03496012/SRR1983933-H3K27ac_2.sorted.bam.bai
    jobid: 20
    wildcards: sample=SRR1983933-H3K27ac_2

Finished job 9.
48 of 71 steps (68%) done
Finished job 7.
49 of 71 steps (69%) done

rule remove_dupes:
    input: results/bwa/FT_SAMN03496012/SRR1983936-input_2.sorted.bam, results/bwa/FT_SAMN03496012/SRR1983936-input_2.sorted.bam.bai
    output: results/bwa/FT_SAMN03496012/SRR1983936-input_2.sorted.rmdup.bam, results/bwa/FT_SAMN03496012/SRR1983936-input_2.sorted.rmdupmet.bam
    jobid: 41
    wildcards: sample=SRR1983936-input_2
    threads: 2

Finished job 20.
50 of 71 steps (70%) done
Finished job 41.
51 of 71 steps (72%) done

rule spp:
    input: results/bwa/FT_SAMN03496012/SRR1983936-input_2.sorted.rmdup.bam
    output: results/spp/FT_SAMN03496012/SRR1983936-input_2.spp.result
    jobid: 16
    wildcards: sample=SRR1983936-input_2

rule remove_dupes:
    input: results/bwa/FT_SAMN03496012/SRR1983929-input_1.sorted.bam, results/bwa/FT_SAMN03496012/SRR1983929-input_1.sorted.bam.bai
    output: results/bwa/FT_SAMN03496012/SRR1983929-input_1.sorted.rmdup.bam, results/bwa/FT_SAMN03496012/SRR1983929-input_1.sorted.rmdupmet.bam
    jobid: 50
    wildcards: sample=SRR1983929-input_1
    threads: 2

Finished job 50.
52 of 71 steps (73%) done

rule remove_dupes:
    input: results/bwa/FT_SAMN03496012/SRR1983937-input_1.sorted.bam, results/bwa/FT_SAMN03496012/SRR1983937-input_1.sorted.bam.bai
    output: results/bwa/FT_SAMN03496012/SRR1983937-input_1.sorted.rmdup.bam, results/bwa/FT_SAMN03496012/SRR1983937-input_1.sorted.rmdupmet.bam
    jobid: 39
    wildcards: sample=SRR1983937-input_1
    threads: 2

Finished job 39.
53 of 71 steps (75%) done

rule remove_dupes:
    input: results/bwa/FT_SAMN03496012/SRR1983928-input_2.sorted.bam, results/bwa/FT_SAMN03496012/SRR1983928-input_2.sorted.bam.bai
    output: results/bwa/FT_SAMN03496012/SRR1983928-input_2.sorted.rmdup.bam, results/bwa/FT_SAMN03496012/SRR1983928-input_2.sorted.rmdupmet.bam
    jobid: 37
    wildcards: sample=SRR1983928-input_2
    threads: 2

Finished job 37.
54 of 71 steps (76%) done

rule remove_dupes:
    input: results/bwa/FT_SAMN03496012/SRR1983935-H3K4me1_2.sorted.bam, results/bwa/FT_SAMN03496012/SRR1983935-H3K4me1_2.sorted.bam.bai
    output: results/bwa/FT_SAMN03496012/SRR1983935-H3K4me1_2.sorted.rmdup.bam, results/bwa/FT_SAMN03496012/SRR1983935-H3K4me1_2.sorted.rmdupmet.bam
    jobid: 35
    wildcards: sample=SRR1983935-H3K4me1_2
    threads: 2

Finished job 35.
55 of 71 steps (77%) done

rule remove_dupes:
    input: results/bwa/FT_SAMN03496012/SRR1983934-H3K4me1_1.sorted.bam, results/bwa/FT_SAMN03496012/SRR1983934-H3K4me1_1.sorted.bam.bai
    output: results/bwa/FT_SAMN03496012/SRR1983934-H3K4me1_1.sorted.rmdup.bam, results/bwa/FT_SAMN03496012/SRR1983934-H3K4me1_1.sorted.rmdupmet.bam
    jobid: 33
    wildcards: sample=SRR1983934-H3K4me1_1
    threads: 2

Finished job 33.
56 of 71 steps (79%) done

rule remove_dupes:
    input: results/bwa/FT_SAMN03496012/SRR1983927-H3K4me1_2.sorted.bam, results/bwa/FT_SAMN03496012/SRR1983927-H3K4me1_2.sorted.bam.bai
    output: results/bwa/FT_SAMN03496012/SRR1983927-H3K4me1_2.sorted.rmdup.bam, results/bwa/FT_SAMN03496012/SRR1983927-H3K4me1_2.sorted.rmdupmet.bam
    jobid: 47
    wildcards: sample=SRR1983927-H3K4me1_2
    threads: 2

Finished job 16.
57 of 71 steps (80%) done

rule spp:
    input: results/bwa/FT_SAMN03496012/SRR1983929-input_1.sorted.rmdup.bam
    output: results/spp/FT_SAMN03496012/SRR1983929-input_1.spp.result
    jobid: 28
    wildcards: sample=SRR1983929-input_1

Finished job 47.
58 of 71 steps (82%) done

rule remove_dupes:
    input: results/bwa/FT_SAMN03496012/SRR1983926-H3K4me1_1.sorted.bam, results/bwa/FT_SAMN03496012/SRR1983926-H3K4me1_1.sorted.bam.bai
    output: results/bwa/FT_SAMN03496012/SRR1983926-H3K4me1_1.sorted.rmdup.bam, results/bwa/FT_SAMN03496012/SRR1983926-H3K4me1_1.sorted.rmdupmet.bam
    jobid: 32
    wildcards: sample=SRR1983926-H3K4me1_1
    threads: 2

Finished job 32.
59 of 71 steps (83%) done

rule remove_dupes:
    input: results/bwa/FT_SAMN03496012/SRR1983932-H3K27ac_1.sorted.bam, results/bwa/FT_SAMN03496012/SRR1983932-H3K27ac_1.sorted.bam.bai
    output: results/bwa/FT_SAMN03496012/SRR1983932-H3K27ac_1.sorted.rmdup.bam, results/bwa/FT_SAMN03496012/SRR1983932-H3K27ac_1.sorted.rmdupmet.bam
    jobid: 48
    wildcards: sample=SRR1983932-H3K27ac_1
    threads: 2

Finished job 48.
60 of 71 steps (85%) done

rule remove_dupes:
    input: results/bwa/FT_SAMN03496012/SRR1983933-H3K27ac_2.sorted.bam, results/bwa/FT_SAMN03496012/SRR1983933-H3K27ac_2.sorted.bam.bai
    output: results/bwa/FT_SAMN03496012/SRR1983933-H3K27ac_2.sorted.rmdup.bam, results/bwa/FT_SAMN03496012/SRR1983933-H3K27ac_2.sorted.rmdupmet.bam
    jobid: 49
    wildcards: sample=SRR1983933-H3K27ac_2
    threads: 2

Finished job 49.
61 of 71 steps (86%) done

rule spp:
    input: results/bwa/FT_SAMN03496012/SRR1983928-input_2.sorted.rmdup.bam
    output: results/spp/FT_SAMN03496012/SRR1983928-input_2.spp.result
    jobid: 8
    wildcards: sample=SRR1983928-input_2

rule spp:
    input: results/bwa/FT_SAMN03496012/SRR1983937-input_1.sorted.rmdup.bam
    output: results/spp/FT_SAMN03496012/SRR1983937-input_1.spp.result
    jobid: 10
    wildcards: sample=SRR1983937-input_1

Finished job 28.
62 of 71 steps (87%) done

rule spp:
    input: results/bwa/FT_SAMN03496012/SRR1983935-H3K4me1_2.sorted.rmdup.bam
    output: results/spp/FT_SAMN03496012/SRR1983935-H3K4me1_2.spp.result
    jobid: 6
    wildcards: sample=SRR1983935-H3K4me1_2

Finished job 8.
63 of 71 steps (89%) done

rule spp:
    input: results/bwa/FT_SAMN03496012/SRR1983934-H3K4me1_1.sorted.rmdup.bam
    output: results/spp/FT_SAMN03496012/SRR1983934-H3K4me1_1.spp.result
    jobid: 4
    wildcards: sample=SRR1983934-H3K4me1_1

Finished job 10.
64 of 71 steps (90%) done

rule spp:
    input: results/bwa/FT_SAMN03496012/SRR1983927-H3K4me1_2.sorted.rmdup.bam
    output: results/spp/FT_SAMN03496012/SRR1983927-H3K4me1_2.spp.result
    jobid: 23
    wildcards: sample=SRR1983927-H3K4me1_2

Finished job 23.
65 of 71 steps (92%) done

rule spp:
    input: results/bwa/FT_SAMN03496012/SRR1983926-H3K4me1_1.sorted.rmdup.bam
    output: results/spp/FT_SAMN03496012/SRR1983926-H3K4me1_1.spp.result
    jobid: 2
    wildcards: sample=SRR1983926-H3K4me1_1

Finished job 6.
66 of 71 steps (93%) done

rule spp:
    input: results/bwa/FT_SAMN03496012/SRR1983932-H3K27ac_1.sorted.rmdup.bam
    output: results/spp/FT_SAMN03496012/SRR1983932-H3K27ac_1.spp.result
    jobid: 25
    wildcards: sample=SRR1983932-H3K27ac_1

Finished job 4.
67 of 71 steps (94%) done

rule spp:
    input: results/bwa/FT_SAMN03496012/SRR1983933-H3K27ac_2.sorted.rmdup.bam
    output: results/spp/FT_SAMN03496012/SRR1983933-H3K27ac_2.spp.result
    jobid: 27
    wildcards: sample=SRR1983933-H3K27ac_2

Finished job 25.
68 of 71 steps (96%) done
Finished job 27.
69 of 71 steps (97%) done
Finished job 2.
70 of 71 steps (99%) done

localrule all:
    input: results/spp/FT_SAMN03496012/SRR1983926-H3K4me1_1.spp.result, results/spp/FT_SAMN03496012/SRR1983927-H3K4me1_2.spp.result, results/spp/FT_SAMN03496012/SRR1983928-input_2.spp.result, results/spp/FT_SAMN03496012/SRR1983929-input_1.spp.result, results/spp/FT_SAMN03496012/SRR1983932-H3K27ac_1.spp.result, results/spp/FT_SAMN03496012/SRR1983933-H3K27ac_2.spp.result, results/spp/FT_SAMN03496012/SRR1983934-H3K4me1_1.spp.result, results/spp/FT_SAMN03496012/SRR1983935-H3K4me1_2.spp.result, results/spp/FT_SAMN03496012/SRR1983936-input_2.spp.result, results/spp/FT_SAMN03496012/SRR1983937-input_1.spp.result, results/bwa/FT_SAMN03496012/SRR1983926-H3K4me1_1.sorted.bam.bai, results/bwa/FT_SAMN03496012/SRR1983927-H3K4me1_2.sorted.bam.bai, results/bwa/FT_SAMN03496012/SRR1983928-input_2.sorted.bam.bai, results/bwa/FT_SAMN03496012/SRR1983929-input_1.sorted.bam.bai, results/bwa/FT_SAMN03496012/SRR1983932-H3K27ac_1.sorted.bam.bai, results/bwa/FT_SAMN03496012/SRR1983933-H3K27ac_2.sorted.bam.bai, results/bwa/FT_SAMN03496012/SRR1983934-H3K4me1_1.sorted.bam.bai, results/bwa/FT_SAMN03496012/SRR1983935-H3K4me1_2.sorted.bam.bai, results/bwa/FT_SAMN03496012/SRR1983936-input_2.sorted.bam.bai, results/bwa/FT_SAMN03496012/SRR1983937-input_1.sorted.bam.bai, genomes/repeats/bwa/hg38_ercc_all_repbase.bwa.amb, genomes/repeats/bwa/hg38_ercc_all_repbase.bwa.amb, genomes/repeats/bwa/hg38_ercc_all_repbase.bwa.amb, genomes/repeats/bwa/hg38_ercc_all_repbase.bwa.amb, genomes/repeats/bwa/hg38_ercc_all_repbase.bwa.amb, genomes/repeats/bwa/hg38_ercc_all_repbase.bwa.amb, genomes/repeats/bwa/hg38_ercc_all_repbase.bwa.amb, genomes/repeats/bwa/hg38_ercc_all_repbase.bwa.amb, genomes/repeats/bwa/hg38_ercc_all_repbase.bwa.amb, genomes/repeats/bwa/hg38_ercc_all_repbase.bwa.amb, results/fastqc/FT_SAMN03496012/SRR1983926-H3K4me1_1_pass_fastqc.html, results/fastqc/FT_SAMN03496012/SRR1983927-H3K4me1_2_pass_fastqc.html, results/fastqc/FT_SAMN03496012/SRR1983928-input_2_pass_fastqc.html, results/fastqc/FT_SAMN03496012/SRR1983929-input_1_pass_fastqc.html, results/fastqc/FT_SAMN03496012/SRR1983932-H3K27ac_1_pass_fastqc.html, results/fastqc/FT_SAMN03496012/SRR1983933-H3K27ac_2_pass_fastqc.html, results/fastqc/FT_SAMN03496012/SRR1983934-H3K4me1_1_pass_fastqc.html, results/fastqc/FT_SAMN03496012/SRR1983935-H3K4me1_2_pass_fastqc.html, results/fastqc/FT_SAMN03496012/SRR1983936-input_2_pass_fastqc.html, results/fastqc/FT_SAMN03496012/SRR1983937-input_1_pass_fastqc.html
    jobid: 0

Finished job 0.
71 of 71 steps (100%) done
Shutting down, this might take some time.
Complete log: /share/ScratchGeneral/jamtor/projects/hgsoc_repeats/histone-ChIP-seq/.snakemake/log/2018-04-18T102930.823283.snakemake.log
